<?xml version="1.0" encoding="UTF-8"?>
<!-- Generated by org.testng.reporters.JUnitReportReporter -->
<testsuite hostname="lamaherach-rally-user-service-6261525" name="com.rallydev.rest.response.CreateResponseTest" tests="2" failures="0" timestamp="22 Jul 2018 21:20:11 GMT" time="0.002" errors="0">
  <testcase name="shouldReturnErrors" time="0.000" classname="com.rallydev.rest.response.CreateResponseTest"/>
  <testcase name="shouldReturnCreatedObject" time="0.002" classname="com.rallydev.rest.response.CreateResponseTest"/>
</testsuite>
