<?xml version="1.0" encoding="UTF-8"?>
<!-- Generated by org.testng.reporters.JUnitReportReporter -->
<testsuite hostname="lamaherach-rally-user-service-6261525" name="com.rallydev.rest.request.GetRequestTest" tests="5" failures="0" timestamp="22 Jul 2018 21:20:11 GMT" time="0.008" errors="0">
  <testcase name="shouldReturnCorrectUrlWithFetchParams" time="0.001" classname="com.rallydev.rest.request.GetRequestTest"/>
  <testcase name="shouldReturnCorrectUrlForUser" time="0.002" classname="com.rallydev.rest.request.GetRequestTest"/>
  <testcase name="shouldReturnCorrectUrlWithAbsoluteRef" time="0.001" classname="com.rallydev.rest.request.GetRequestTest"/>
  <testcase name="shouldReturnCorrectUrlWithRelativeRef" time="0.001" classname="com.rallydev.rest.request.GetRequestTest"/>
  <testcase name="shouldReturnCorrectUrlForSubscription" time="0.003" classname="com.rallydev.rest.request.GetRequestTest"/>
</testsuite>
