<?xml version="1.0" encoding="UTF-8"?>
<!-- Generated by org.testng.reporters.JUnitReportReporter -->
<testsuite hostname="lamaherach-rally-user-service-6261525" name="com.rallydev.rest.request.CreateRequestTest" tests="6" failures="0" timestamp="22 Jul 2018 21:20:11 GMT" time="0.010" errors="0">
  <testcase name="shouldEncodeParamsUsingUtf8" time="0.000" classname="com.rallydev.rest.request.CreateRequestTest"/>
  <testcase name="shouldConstructTheCorrectUrl" time="0.004" classname="com.rallydev.rest.request.CreateRequestTest"/>
  <testcase name="shouldConstructTheCorrectUrlWithExtraParam" time="0.000" classname="com.rallydev.rest.request.CreateRequestTest"/>
  <testcase name="shouldCreateACorrectBody" time="0.000" classname="com.rallydev.rest.request.CreateRequestTest"/>
  <testcase name="shouldCreateACorrectBodyWithNullFields" time="0.006" classname="com.rallydev.rest.request.CreateRequestTest"/>
  <testcase name="shouldConstructTheCorrectDefaultFetchUrl" time="0.000" classname="com.rallydev.rest.request.CreateRequestTest"/>
</testsuite>
