<?xml version="1.0" encoding="UTF-8"?>
<!-- Generated by org.testng.reporters.JUnitReportReporter -->
<testsuite hostname="lamaherach-rally-user-service-6261525" name="com.rallydev.rest.client.BasicAuthClientTest" tests="7" failures="0" timestamp="22 Jul 2018 21:20:11 GMT" time="0.121" errors="0">
  <testcase name="shouldIncludeCSRFTokenOnPost" time="0.058" classname="com.rallydev.rest.client.BasicAuthClientTest"/>
  <testcase name="shouldIncludeCSRFTokenOnDelete" time="0.060" classname="com.rallydev.rest.client.BasicAuthClientTest"/>
  <testcase name="shouldRequestCSRFToken" time="0.001" classname="com.rallydev.rest.client.BasicAuthClientTest"/>
  <testcase name="shouldNotIncludeCSRFTokenOnWsapiv1" time="0.001" classname="com.rallydev.rest.client.BasicAuthClientTest"/>
  <testcase name="shouldNotIncludeCSRFTokenOnGet" time="0.000" classname="com.rallydev.rest.client.BasicAuthClientTest"/>
  <testcase name="shouldIntialize" time="0.000" classname="com.rallydev.rest.client.BasicAuthClientTest"/>
  <testcase name="shouldIncludeCSRFTokenOnPut" time="0.001" classname="com.rallydev.rest.client.BasicAuthClientTest"/>
</testsuite>
