<?xml version="1.0" encoding="UTF-8"?>
<!-- Generated by org.testng.reporters.JUnitReportReporter -->
<testsuite hostname="lamaherach-rally-user-service-6261525" name="com.rallydev.rest.client.ApiKeyClientTest" tests="2" failures="0" timestamp="22 Jul 2018 21:20:11 GMT" time="0.020" errors="0">
  <testcase name="shouldIntialize" time="0.001" classname="com.rallydev.rest.client.ApiKeyClientTest"/>
  <testcase name="shouldIncludeApiKeyOnRequest" time="0.019" classname="com.rallydev.rest.client.ApiKeyClientTest"/>
</testsuite>
