<?xml version="1.0" encoding="UTF-8"?>
<!-- Generated by org.testng.reporters.JUnitReportReporter -->
<testsuite hostname="lamaherach-rally-user-service-6261525" name="com.rallydev.rest.util.RefTest" tests="16" failures="0" timestamp="22 Jul 2018 21:20:11 GMT" time="0.013" errors="0">
  <testcase name="shouldReturnValidRelativeRefs" time="0.001" classname="com.rallydev.rest.util.RefTest"/>
  <testcase name="shouldSupportCollectionRefs" time="0.001" classname="com.rallydev.rest.util.RefTest"/>
  <testcase name="shouldDetectValidRefs" time="0.002" classname="com.rallydev.rest.util.RefTest"/>
  <testcase name="shouldReturnTypesFromRefs" time="0.000" classname="com.rallydev.rest.util.RefTest"/>
  <testcase name="shouldReturnTypesFromDynatypeRefs" time="0.001" classname="com.rallydev.rest.util.RefTest"/>
  <testcase name="shouldReturnNullOidsFromRefs" time="0.000" classname="com.rallydev.rest.util.RefTest"/>
  <testcase name="shouldSupportWorkspacePermissionRefs" time="0.001" classname="com.rallydev.rest.util.RefTest"/>
  <testcase name="shouldReturnOidsFromDynatypeRefs" time="0.000" classname="com.rallydev.rest.util.RefTest"/>
  <testcase name="shouldDetectInvalidRefs" time="0.001" classname="com.rallydev.rest.util.RefTest"/>
  <testcase name="shouldReturnNullRelativeRefs" time="0.000" classname="com.rallydev.rest.util.RefTest"/>
  <testcase name="shouldReturnOidsFromRefs" time="0.001" classname="com.rallydev.rest.util.RefTest"/>
  <testcase name="shouldSupportWsapiVersionXinRefs" time="0.002" classname="com.rallydev.rest.util.RefTest"/>
  <testcase name="shouldSupportProjectPermissionRefs" time="0.001" classname="com.rallydev.rest.util.RefTest"/>
  <testcase name="shouldReturnNullTypesFromRefs" time="0.001" classname="com.rallydev.rest.util.RefTest"/>
  <testcase name="shouldReturnValidDynatypeRelativeRefs" time="0.001" classname="com.rallydev.rest.util.RefTest"/>
  <testcase name="shouldDetectValidDynatypeRefs" time="0.000" classname="com.rallydev.rest.util.RefTest"/>
</testsuite>
