<?xml version="1.0" encoding="UTF-8"?>
<!-- Generated by org.testng.reporters.JUnitReportReporter -->
<testsuite hostname="lamaherach-rally-user-service-6261525" name="com.rallydev.rest.request.RequestTest" tests="3" failures="0" timestamp="22 Jul 2018 21:20:11 GMT" time="0.003" errors="0">
  <testcase name="shouldBeAbleToSetGsonBuilder" time="0.000" classname="com.rallydev.rest.request.RequestTest"/>
  <testcase name="shouldBeAbleToSetParams" time="0.001" classname="com.rallydev.rest.request.RequestTest"/>
  <testcase name="shouldBeAbleToAddParams" time="0.002" classname="com.rallydev.rest.request.RequestTest"/>
</testsuite>
