<?xml version="1.0" encoding="UTF-8"?>
<!-- Generated by org.testng.reporters.JUnitReportReporter -->
<testsuite hostname="lamaherach-rally-user-service-6261525" name="com.rallydev.rest.request.QueryRequestTest" tests="16" failures="0" timestamp="22 Jul 2018 21:20:11 GMT" time="0.034" errors="0">
  <testcase name="shouldCreateCorrectUrlForCollection" time="0.001" classname="com.rallydev.rest.request.QueryRequestTest"/>
  <testcase name="shouldCreateCorrectUrlForSubscription" time="0.000" classname="com.rallydev.rest.request.QueryRequestTest"/>
  <testcase name="shouldEncodeParamsUsingUtf8" time="0.000" classname="com.rallydev.rest.request.QueryRequestTest"/>
  <testcase name="shouldCreateCorrectUrlForUser" time="0.001" classname="com.rallydev.rest.request.QueryRequestTest"/>
  <testcase name="shouldCreateCorrectQueryWithStart" time="0.001" classname="com.rallydev.rest.request.QueryRequestTest"/>
  <testcase name="shouldCreateCorrectQueryWithProject" time="0.001" classname="com.rallydev.rest.request.QueryRequestTest"/>
  <testcase name="shouldCreateCorrectQueryWithNullProject" time="0.001" classname="com.rallydev.rest.request.QueryRequestTest"/>
  <testcase name="shouldCreateCorrectQueryWithQuery" time="0.004" classname="com.rallydev.rest.request.QueryRequestTest"/>
  <testcase name="shouldCreateCorrectDefaultQueryWithExtraParam" time="0.000" classname="com.rallydev.rest.request.QueryRequestTest"/>
  <testcase name="shouldCreateCorrectQueryWithWorkspace" time="0.001" classname="com.rallydev.rest.request.QueryRequestTest"/>
  <testcase name="shouldCreateCorrectQueryWithDefaultOrder" time="0.001" classname="com.rallydev.rest.request.QueryRequestTest"/>
  <testcase name="shouldCreateCorrectDefaultQuery" time="0.007" classname="com.rallydev.rest.request.QueryRequestTest"/>
  <testcase name="shouldCloneCorrectly" time="0.015" classname="com.rallydev.rest.request.QueryRequestTest"/>
  <testcase name="shouldCreateCorrectQueryWithFetch" time="0.000" classname="com.rallydev.rest.request.QueryRequestTest"/>
  <testcase name="shouldCreateCorrectQueryWithSpecifiedOrder" time="0.001" classname="com.rallydev.rest.request.QueryRequestTest"/>
  <testcase name="shouldCreateCorrectQueryWithPageSize" time="0.000" classname="com.rallydev.rest.request.QueryRequestTest"/>
</testsuite>
