<?xml version="1.0" encoding="UTF-8"?>
<!-- Generated by org.testng.reporters.JUnitReportReporter -->
<testsuite hostname="lamaherach-rally-user-service-6261525" name="com.rallydev.rest.util.FetchTest" tests="3" failures="0" timestamp="22 Jul 2018 21:20:11 GMT" time="0.001" errors="0">
  <testcase name="shouldProvideCorrectDefaultFetch" time="0.000" classname="com.rallydev.rest.util.FetchTest"/>
  <testcase name="shouldBeAbleToAddRemoveFetch" time="0.000" classname="com.rallydev.rest.util.FetchTest"/>
  <testcase name="shouldProvideCorrectFetch" time="0.001" classname="com.rallydev.rest.util.FetchTest"/>
</testsuite>
