<?xml version="1.0" encoding="UTF-8"?>
<!-- Generated by org.testng.reporters.JUnitReportReporter -->
<testsuite hostname="lamaherach-rally-user-service-6261525" name="com.rallydev.rest.client.HttpClientTest" tests="15" failures="0" timestamp="22 Jul 2018 21:20:11 GMT" time="0.688" errors="0">
  <testcase name="shouldGet" time="0.001" classname="com.rallydev.rest.client.HttpClientTest"/>
  <testcase name="shouldSetApplicationVendor" time="0.000" classname="com.rallydev.rest.client.HttpClientTest"/>
  <testcase name="shouldIntialize" time="0.000" classname="com.rallydev.rest.client.HttpClientTest"/>
  <testcase name="shouldPost" time="0.001" classname="com.rallydev.rest.client.HttpClientTest"/>
  <testcase name="shouldSetProxyWithCredentials" time="0.296" classname="com.rallydev.rest.client.HttpClientTest"/>
  <testcase name="shouldExplodeWithInvalidResponse" time="0.091" classname="com.rallydev.rest.client.HttpClientTest"/>
  <testcase name="shouldSetApplicationVersion" time="0.001" classname="com.rallydev.rest.client.HttpClientTest"/>
  <testcase name="shouldSetApplicationName" time="0.000" classname="com.rallydev.rest.client.HttpClientTest"/>
  <testcase name="shouldPut" time="0.001" classname="com.rallydev.rest.client.HttpClientTest"/>
  <testcase name="shouldUseDefaultWsapiVersion" time="0.105" classname="com.rallydev.rest.client.HttpClientTest"/>
  <testcase name="shouldDelete" time="0.022" classname="com.rallydev.rest.client.HttpClientTest"/>
  <testcase name="shouldSetWsapiVersion" time="0.160" classname="com.rallydev.rest.client.HttpClientTest"/>
  <testcase name="shouldReturnValidResponse" time="0.002" classname="com.rallydev.rest.client.HttpClientTest"/>
  <testcase name="shouldGzip" time="0.006" classname="com.rallydev.rest.client.HttpClientTest"/>
  <testcase name="shouldSetProxy" time="0.002" classname="com.rallydev.rest.client.HttpClientTest"/>
</testsuite>
